<?xml version="1.0" encoding="UTF-8"?>
<testsuite xmlns:xsi="http://www.w3.org/2001/XMLSchema-instance" xsi:noNamespaceSchemaLocation="https://maven.apache.org/surefire/maven-surefire-plugin/xsd/surefire-test-report-3.0.xsd" version="3.0" name="com.cognizant.orm_learn.OrmLearnApplicationTests" time="5.891" tests="1" errors="0" skipped="0" failures="0">
  <properties>
[...]
</properties>
  <testcase name="contextLoads" classname="com.cognizant.orm_learn.OrmLearnApplicationTests" time="0.579">
    <system-out><![CDATA[10:02:33.264 [main] INFO org.springframework.test.context.support.AnnotationConfigContextLoaderUtils -- Could not detect default configuration classes for test class [com.cognizant.orm_learn.OrmLearnApplicationTests]: OrmLearnApplicationTests does not declare any static, non-private, non-final, nested classes annotated with @Configuration.
10:02:33.449 [main] INFO org.springframework.boot.test.context.SpringBootTestContextBootstrapper -- Found @SpringBootConfiguration com.cognizant.orm_learn.OrmLearnApplication for test class com.cognizant.orm_learn.OrmLearnApplicationTests
10:02:33.725 [main] INFO org.springframework.boot.devtools.restart.RestartApplicationListener -- Restart disabled due to context in which it is running

  .   ____          _            __ _ _
 /\\ / ___'_ __ _ _(_)_ __  __ _ \ \ \ \
( ( )\___ | '_ | '_| | '_ \/ _` | \ \ \ \
 \\/  ___)| |_)| | | | | || (_| |  ) ) ) )
  '  |____| .__|_| |_|_| |_\__, | / / / /
 =========|_|==============|___/=/_/_/_/
 :: Spring Boot ::                (v3.2.5)

04-07-25 10:02:34.289 main                  INFO .OrmLearnApplicationTests               logStarting   50 Starting OrmLearnApplicationTests using Java 22.0.1 with PID 12444 (started by LENOVO in C:\Users\LENOVO\Downloads\orm-learn\orm-learn)
04-07-25 10:02:34.292 main                 DEBUG .OrmLearnApplicationTests               logStarting   51 Running with Spring Boot v3.2.5, Spring v6.1.6
04-07-25 10:02:34.293 main                  INFO .OrmLearnApplicationTests     logStartupProfileInfo  654 No active profile set, falling back to 1 default profile: "default"
04-07-25 10:02:34.923 main                  INFO toryConfigurationDelegate    registerRepositoriesIn  143 Bootstrapping Spring Data JPA repositories in DEFAULT mode.
04-07-25 10:02:35.007 main                  INFO toryConfigurationDelegate    registerRepositoriesIn  211 Finished Spring Data repository scanning in 71 ms. Found 1 JPA repository interface.
04-07-25 10:02:35.571 main                  INFO o.h.j.i.util.LogHelper    logPersistenceUnitInformation   31 HHH000204: Processing PersistenceUnitInfo [name: default]
04-07-25 10:02:35.655 main                  INFO org.hibernate.Version                    logVersion   44 HHH000412: Hibernate ORM core version 6.4.4.Final
04-07-25 10:02:35.713 main                  INFO .i.RegionFactoryInitiator           initiateService   50 HHH000026: Second-level cache disabled
04-07-25 10:02:36.069 main                  INFO SpringPersistenceUnitInfo            addTransformer   87 No LoadTimeWeaver setup: ignoring JPA class transformer
04-07-25 10:02:36.106 main                  INFO c.z.h.HikariDataSource                getConnection  110 HikariPool-1 - Starting...
04-07-25 10:02:36.551 main                  INFO c.z.h.pool.HikariPool                 checkFailFast  565 HikariPool-1 - Added connection com.mysql.cj.jdbc.ConnectionImpl@44dd0d38
04-07-25 10:02:36.553 main                  INFO c.z.h.HikariDataSource                getConnection  123 HikariPool-1 - Start completed.
04-07-25 10:02:36.653 main                  WARN o.h.orm.deprecation                constructDialect  153 HHH90000025: MySQLDialect does not need to be specified explicitly using 'hibernate.dialect' (remove the property setting and it will be selected by default)
04-07-25 10:02:36.685 main                 DEBUG h.t.d.s.s.DdlTypeRegistry             addDescriptor   64 addDescriptor(12, org.hibernate.type.descriptor.sql.internal.CapacityDependentDdlType@568f4faa) replaced previous registration(org.hibernate.type.descriptor.sql.internal.CapacityDependentDdlType@4c56644f)
04-07-25 10:02:36.686 main                 DEBUG h.t.d.s.s.DdlTypeRegistry             addDescriptor   64 addDescriptor(-9, org.hibernate.type.descriptor.sql.internal.CapacityDependentDdlType@589dfa6f) replaced previous registration(org.hibernate.type.descriptor.sql.internal.CapacityDependentDdlType@43588265)
04-07-25 10:02:36.686 main                 DEBUG h.t.d.s.s.DdlTypeRegistry             addDescriptor   64 addDescriptor(-3, org.hibernate.type.descriptor.sql.internal.CapacityDependentDdlType@6f8667bb) replaced previous registration(org.hibernate.type.descriptor.sql.internal.CapacityDependentDdlType@100d0218)
04-07-25 10:02:36.687 main                 DEBUG h.t.d.s.s.DdlTypeRegistry             addDescriptor   64 addDescriptor(4003, org.hibernate.type.descriptor.sql.internal.DdlTypeImpl@2774dcf4) replaced previous registration(org.hibernate.type.descriptor.sql.internal.DdlTypeImpl@20b829d5)
04-07-25 10:02:36.687 main                 DEBUG h.t.d.s.s.DdlTypeRegistry             addDescriptor   64 addDescriptor(4001, org.hibernate.type.descriptor.sql.internal.DdlTypeImpl@7c5f29c6) replaced previous registration(org.hibernate.type.descriptor.sql.internal.DdlTypeImpl@4baf997)
04-07-25 10:02:36.687 main                 DEBUG h.t.d.s.s.DdlTypeRegistry             addDescriptor   64 addDescriptor(4002, org.hibernate.type.descriptor.sql.internal.DdlTypeImpl@5280688) replaced previous registration(org.hibernate.type.descriptor.sql.internal.DdlTypeImpl@643f6179)
04-07-25 10:02:36.689 main                 DEBUG h.t.d.s.s.DdlTypeRegistry             addDescriptor   64 addDescriptor(2004, org.hibernate.type.descriptor.sql.internal.CapacityDependentDdlType@61ab6521) replaced previous registration(org.hibernate.type.descriptor.sql.internal.DdlTypeImpl@328e4ec2)
04-07-25 10:02:36.689 main                 DEBUG h.t.d.s.s.DdlTypeRegistry             addDescriptor   64 addDescriptor(2005, org.hibernate.type.descriptor.sql.internal.CapacityDependentDdlType@7757025d) replaced previous registration(org.hibernate.type.descriptor.sql.internal.DdlTypeImpl@68fc9167)
04-07-25 10:02:36.689 main                 DEBUG h.t.d.s.s.DdlTypeRegistry             addDescriptor   64 addDescriptor(2011, org.hibernate.type.descriptor.sql.internal.CapacityDependentDdlType@52c46334) replaced previous registration(org.hibernate.type.descriptor.sql.internal.DdlTypeImpl@12fccff0)
04-07-25 10:02:37.710 main                  INFO .p.i.JtaPlatformInitiator           initiateService   58 HHH000489: No JTA platform available (set 'hibernate.transaction.jta.platform' to enable JTA platform integration)
04-07-25 10:02:37.762 main                  INFO rEntityManagerFactoryBean buildNativeEntityManagerFactory  437 Initialized JPA EntityManagerFactory for persistence unit 'default'
04-07-25 10:02:38.256 main                  INFO .OrmLearnApplicationTests                logStarted   56 Started OrmLearnApplicationTests in 4.555 seconds (process running for 6.11)
]]></system-out>
    <system-err><![CDATA[WARNING: A Java agent has been loaded dynamically (C:\Users\LENOVO\.m2\repository\net\bytebuddy\byte-buddy-agent\1.14.13\byte-buddy-agent-1.14.13.jar)
WARNING: If a serviceability tool is in use, please run with -XX:+EnableDynamicAgentLoading to hide this warning
WARNING: If a serviceability tool is not in use, please run with -Djdk.instrument.traceUsage for more information
WARNING: Dynamic loading of agents will be disallowed by default in a future release
]]></system-err>
  </testcase>
</testsuite>